<?xml version="1.0" encoding="UTF-8"?>
<!-- Generated by org.testng.reporters.JUnitXMLReporter -->
<testsuite hostname="Pradeep-PC" ignored="0" name="Banking App Test" tests="2" failures="0" timestamp="14 Apr 2021 03:13:01 GMT" time="80.579" errors="0">
  <testcase name="LoginTest" time="3.345" classname="com.inetbanking.testcases.TC_LoginTest_001"/>
  <testcase name="addNewCustomer" time="17.192" classname="com.inetbanking.testcases.TC_AddCustomrTest_003"/>
</testsuite> <!-- Banking App Test -->
