<?xml version="1.0" encoding="UTF-8"?>
<testsuite xmlns:xsi="http://www.w3.org/2001/XMLSchema-instance" xsi:noNamespaceSchemaLocation="https://maven.apache.org/surefire/maven-surefire-plugin/xsd/surefire-test-report-3.0.xsd" version="3.0" name="TestSuite" time="84.187" tests="2" errors="0" skipped="0" failures="0">
  <properties>
[...]
</properties>
  <testcase name="LoginTest" classname="com.inetbanking.testcases.TC_LoginTest_001" time="3.321">
    <system-out><![CDATA[ INFO [main] (TC_LoginTest_001.java:26)- Url is opened
 INFO [main] (TC_LoginTest_001.java:31)- Entered user name
 INFO [main] (TC_LoginTest_001.java:33)- Entered password
 INFO [main] (TC_LoginTest_001.java:41)- Login Test Passed
]]></system-out>
    <system-err><![CDATA[Starting ChromeDriver 89.0.4389.23 (61b08ee2c50024bab004e48d2b1b083cdbdac579-refs/branch-heads/4389@{#294}) on port 11737
Only local connections are allowed.
Please see https://chromedriver.chromium.org/security-considerations for suggestions on keeping ChromeDriver safe.
ChromeDriver was started successfully.
Apr 14, 2021 8:42:17 AM org.openqa.selenium.remote.ProtocolHandshake createSession
INFO: Detected dialect: W3C
]]></system-err>
  </testcase>
  <testcase name="addNewCustomer" classname="com.inetbanking.testcases.TC_AddCustomrTest_003" time="17.139">
    <system-out><![CDATA[ INFO [main] (TC_AddCustomrTest_003.java:37)- user name provided
 INFO [main] (TC_AddCustomrTest_003.java:39)- password provided
 INFO [main] (TC_AddCustomrTest_003.java:45)- Providing the customer details
 INFO [main] (TC_AddCustomrTest_003.java:63)- Validation is Started
 INFO [main] (TC_AddCustomrTest_003.java:71)- test case passed.... 
]]></system-out>
    <system-err><![CDATA[Starting ChromeDriver 89.0.4389.23 (61b08ee2c50024bab004e48d2b1b083cdbdac579-refs/branch-heads/4389@{#294}) on port 36144
Only local connections are allowed.
Please see https://chromedriver.chromium.org/security-considerations for suggestions on keeping ChromeDriver safe.
ChromeDriver was started successfully.
Apr 14, 2021 8:42:40 AM org.openqa.selenium.remote.ProtocolHandshake createSession
INFO: Detected dialect: W3C
]]></system-err>
  </testcase>
</testsuite>